<?xml version="1.0" encoding="UTF-8"?>
<testng-results ignored="0" total="2" passed="2" failed="0" skipped="0">
  <reporter-output>
    <line>
      <![CDATA[Test 1 TestNG Report]]>
    </line>
    <line>
      <![CDATA[Test 2 TestNG Report]]>
    </line>
  </reporter-output>
  <suite started-at="2025-03-04T21:42:29 GMT" name="Report Suite" finished-at="2025-03-04T21:42:29 GMT" duration-ms="31">
    <groups>
    </groups>
    <test started-at="2025-03-04T21:42:29 GMT" name="Report test" finished-at="2025-03-04T21:42:29 GMT" duration-ms="31">
      <class name="ui.ReportingTest">
        <test-method signature="test1()[pri:1, instance:ui.ReportingTest@6b927fb]" started-at="2025-03-04T21:42:29 GMT" name="test1" finished-at="2025-03-04T21:42:29 GMT" duration-ms="0" status="PASS">
          <reporter-output>
            <line>
              <![CDATA[Test 1 TestNG Report]]>
            </line>
          </reporter-output>
        </test-method> <!-- test1 -->
        <test-method signature="test2()[pri:2, instance:ui.ReportingTest@6b927fb]" started-at="2025-03-04T21:42:29 GMT" name="test2" finished-at="2025-03-04T21:42:29 GMT" duration-ms="0" status="PASS">
          <reporter-output>
            <line>
              <![CDATA[Test 2 TestNG Report]]>
            </line>
          </reporter-output>
        </test-method> <!-- test2 -->
      </class> <!-- ui.ReportingTest -->
    </test> <!-- Report test -->
  </suite> <!-- Report Suite -->
</testng-results>
